<?xml version="1.0" encoding="UTF-8"?>
<!-- Generated by org.testng.reporters.JUnitReportReporter -->
<testsuite hostname="DESKTOP-3JA0FBS" failures="0" tests="9" name="tests.SignUpTests" time="1076.548" errors="0" timestamp="2024-09-05T09:15:44 IST" skipped="0">
  <testcase classname="tests.SignUpTests" name="validating_whether_given_URL_is_Broken_or_not" time="15.362"/>
  <testcase classname="tests.SignUpTests" name="without_entering_User_Details" time="97.831"/>
  <testcase classname="tests.SignUpTests" name="entering_blank_value_in_each_Field" time="150.158"/>
  <testcase classname="tests.SignUpTests" name="entering_numerical_value_in_each_Field" time="156.418"/>
  <testcase classname="tests.SignUpTests" name="entering_AlphaNumeric_value_in_each_Field" time="149.527"/>
  <testcase classname="tests.SignUpTests" name="entering_Symbolic_value_in_each_Field" time="151.529"/>
  <testcase classname="tests.SignUpTests" name="entering_Valid_User_Details" time="114.141"/>
  <testcase classname="tests.SignUpTests" name="already_Existed_User_Details" time="117.963"/>
  <testcase classname="tests.SignUpTests" name="password_Checklist_Validation" time="123.619"/>
</testsuite> <!-- tests.SignUpTests -->
