<?xml version="1.0" encoding="UTF-8"?>
<!-- Generated by org.testng.reporters.JUnitReportReporter -->
<testsuite hostname="DESKTOP-3JA0FBS" failures="0" tests="1" name="tests.HomePageValidationTests" time="1182.326" errors="0" timestamp="2024-09-01T22:27:16 IST" skipped="0">
  <testcase classname="tests.HomePageValidationTests" name="entering_Valid_User_Details" time="1182.326"/>
</testsuite> <!-- tests.HomePageValidationTests -->
